2016-04-12 16:27:53 INFO  Startup:48 - Starting Startup on weiqiang-VirtualBox with PID 4787 (/home/weiqiang/2esrc/bankbe/target/classes started by weiqiang in /home/weiqiang/2esrc/bankbe)
2016-04-12 16:27:53 INFO  Startup:666 - No active profile set, falling back to default profiles: default
2016-04-12 16:27:53 INFO  AnnotationConfigEmbeddedWebApplicationContext:578 - Refreshing org.springframework.boot.context.embedded.AnnotationConfigEmbeddedWebApplicationContext@34c4973: startup date [Tue Apr 12 16:27:53 AEST 2016]; root of context hierarchy
2016-04-12 16:27:53 INFO  Version:30 - HV000001: Hibernate Validator 5.2.4.Final
2016-04-12 16:27:53 INFO  DefaultListableBeanFactory:839 - Overriding bean definition for bean 'beanNameViewResolver' with a different definition: replacing [Root bean: class [null]; scope=; abstract=false; lazyInit=false; autowireMode=3; dependencyCheck=0; autowireCandidate=true; primary=false; factoryBeanName=org.springframework.boot.autoconfigure.web.ErrorMvcAutoConfiguration$WhitelabelErrorViewConfiguration; factoryMethodName=beanNameViewResolver; initMethodName=null; destroyMethodName=(inferred); defined in class path resource [org/springframework/boot/autoconfigure/web/ErrorMvcAutoConfiguration$WhitelabelErrorViewConfiguration.class]] with [Root bean: class [null]; scope=; abstract=false; lazyInit=false; autowireMode=3; dependencyCheck=0; autowireCandidate=true; primary=false; factoryBeanName=org.springframework.boot.autoconfigure.web.WebMvcAutoConfiguration$WebMvcAutoConfigurationAdapter; factoryMethodName=beanNameViewResolver; initMethodName=null; destroyMethodName=(inferred); defined in class path resource [org/springframework/boot/autoconfigure/web/WebMvcAutoConfiguration$WebMvcAutoConfigurationAdapter.class]]
2016-04-12 16:27:54 INFO  PostProcessorRegistrationDelegate$BeanPostProcessorChecker:328 - Bean 'webSerivceConfig' of type [class com.blackfriday.startup.WebSerivceConfig$$EnhancerBySpringCGLIB$$fc8c4aed] is not eligible for getting processed by all BeanPostProcessors (for example: not eligible for auto-proxying)
2016-04-12 16:27:54 INFO  PostProcessorRegistrationDelegate$BeanPostProcessorChecker:328 - Bean 'org.springframework.ws.config.annotation.DelegatingWsConfiguration' of type [class org.springframework.ws.config.annotation.DelegatingWsConfiguration$$EnhancerBySpringCGLIB$$f65e22dc] is not eligible for getting processed by all BeanPostProcessors (for example: not eligible for auto-proxying)
2016-04-12 16:27:54 INFO  AnnotationActionEndpointMapping:236 - Supporting [WS-Addressing August 2004, WS-Addressing 1.0]
2016-04-12 16:27:54 INFO  TomcatEmbeddedServletContainer:81 - Tomcat initialized with port(s): 8080 (http)
2016-04-12 16:27:54 INFO  StandardService:180 - Starting service Tomcat
2016-04-12 16:27:54 INFO  StandardEngine:180 - Starting Servlet Engine: Apache Tomcat/8.0.32
2016-04-12 16:27:54 INFO  [/]:180 - Initializing Spring embedded WebApplicationContext
2016-04-12 16:27:54 INFO  ContextLoader:272 - Root WebApplicationContext: initialization completed in 1622 ms
2016-04-12 16:27:55 INFO  ServletRegistrationBean:189 - Mapping servlet: 'messageDispatcherServlet' to [/ws/*]
2016-04-12 16:27:55 INFO  ServletRegistrationBean:189 - Mapping servlet: 'dispatcherServlet' to [/]
2016-04-12 16:27:55 INFO  FilterRegistrationBean:258 - Mapping filter: 'characterEncodingFilter' to: [/*]
2016-04-12 16:27:55 INFO  FilterRegistrationBean:258 - Mapping filter: 'hiddenHttpMethodFilter' to: [/*]
2016-04-12 16:27:55 INFO  FilterRegistrationBean:258 - Mapping filter: 'httpPutFormContentFilter' to: [/*]
2016-04-12 16:27:55 INFO  FilterRegistrationBean:258 - Mapping filter: 'requestContextFilter' to: [/*]
2016-04-12 16:27:55 INFO  RequestMappingHandlerAdapter:532 - Looking for @ControllerAdvice: org.springframework.boot.context.embedded.AnnotationConfigEmbeddedWebApplicationContext@34c4973: startup date [Tue Apr 12 16:27:53 AEST 2016]; root of context hierarchy
2016-04-12 16:27:55 INFO  RequestMappingHandlerMapping:534 - Mapped "{[/error],produces=[text/html]}" onto public org.springframework.web.servlet.ModelAndView org.springframework.boot.autoconfigure.web.BasicErrorController.errorHtml(javax.servlet.http.HttpServletRequest,javax.servlet.http.HttpServletResponse)
2016-04-12 16:27:55 INFO  RequestMappingHandlerMapping:534 - Mapped "{[/error]}" onto public org.springframework.http.ResponseEntity<java.util.Map<java.lang.String, java.lang.Object>> org.springframework.boot.autoconfigure.web.BasicErrorController.error(javax.servlet.http.HttpServletRequest)
2016-04-12 16:27:55 INFO  SimpleUrlHandlerMapping:341 - Mapped URL path [/webjars/**] onto handler of type [class org.springframework.web.servlet.resource.ResourceHttpRequestHandler]
2016-04-12 16:27:55 INFO  SimpleUrlHandlerMapping:341 - Mapped URL path [/**] onto handler of type [class org.springframework.web.servlet.resource.ResourceHttpRequestHandler]
2016-04-12 16:27:55 INFO  SimpleUrlHandlerMapping:341 - Mapped URL path [/**/favicon.ico] onto handler of type [class org.springframework.web.servlet.resource.ResourceHttpRequestHandler]
2016-04-12 16:27:55 INFO  AnnotationMBeanExporter:431 - Registering beans for JMX exposure on startup
2016-04-12 16:27:56 INFO  Http11NioProtocol:180 - Initializing ProtocolHandler ["http-nio-8080"]
2016-04-12 16:27:56 INFO  Http11NioProtocol:180 - Starting ProtocolHandler ["http-nio-8080"]
2016-04-12 16:27:56 INFO  NioSelectorPool:180 - Using a shared selector for servlet write/read
2016-04-12 16:27:56 INFO  TomcatEmbeddedServletContainer:162 - Tomcat started on port(s): 8080 (http)
2016-04-12 16:27:56 INFO  Startup:57 - Started Startup in 3.384 seconds (JVM running for 3.683)
2016-04-12 16:28:09 INFO  [/]:180 - Initializing Spring FrameworkServlet 'messageDispatcherServlet'
2016-04-12 16:28:09 INFO  MessageDispatcherServlet:488 - FrameworkServlet 'messageDispatcherServlet': initialization started
2016-04-12 16:28:09 INFO  SaajSoapMessageFactory:139 - Creating SAAJ 1.3 MessageFactory with SOAP 1.1 Protocol
2016-04-12 16:28:09 INFO  MessageDispatcherServlet:507 - FrameworkServlet 'messageDispatcherServlet': initialization completed in 12 ms
2016-04-12 17:08:37 INFO  UserServiceImpl:24 - -> userLogin()
2016-04-12 17:08:37 INFO  UserDaoImpl:29 - -> getUserDetails()
2016-04-12 17:09:54 INFO  UserServiceImpl:24 - -> userLogin()
2016-04-12 17:09:54 INFO  UserDaoImpl:29 - -> getUserDetails()
2016-04-12 17:11:14 INFO  UserServiceImpl:24 - -> userLogin()
2016-04-12 17:11:14 INFO  UserDaoImpl:29 - -> getUserDetails()
2016-04-12 17:12:25 INFO  UserServiceImpl:24 - -> userLogin()
2016-04-12 17:12:25 INFO  UserDaoImpl:29 - -> getUserDetails()
